<?xml version="1.0" encoding="UTF-8"?>
<!-- Generated by org.testng.reporters.JUnitReportReporter -->
<testsuite hostname="Brent-Putmans-Mac-Mini.local" failures="0" tests="2" name="net.shibboleth.idp.profile.spring.factory.FlowRelativeResourceLoaderTest" time="0.013" errors="0" timestamp="2023-12-13T21:47:02 EST" skipped="0">
  <testcase classname="net.shibboleth.idp.profile.spring.factory.FlowRelativeResourceLoaderTest" name="testClasspathWildcard_GetResource_IDP1833" time="0.001"/>
  <system-out/>
  <testcase classname="net.shibboleth.idp.profile.spring.factory.FlowRelativeResourceLoaderTest" name="testClasspathWildcard_GetResourceByPath_IDP1833" time="0.012"/>
  <system-out/>
</testsuite> <!-- net.shibboleth.idp.profile.spring.factory.FlowRelativeResourceLoaderTest -->
