<?xml version="1.0" encoding="UTF-8"?>
<testsuite xmlns:xsi="http://www.w3.org/2001/XMLSchema-instance" xsi:noNamespaceSchemaLocation="https://maven.apache.org/surefire/maven-surefire-plugin/xsd/surefire-test-report-3.0.xsd" version="3.0" name="net.shibboleth.idp.profile.spring.factory.FlowRelativeResourceLoaderTest" time="0.504" tests="2" errors="0" skipped="0" failures="0">
  <properties>
    <property name="java.specification.version" value="17"/>
    <property name="sun.jnu.encoding" value="UTF-8"/>
    <property name="java.class.path" value="/Users/putmanb/Dev/Git/Shib/java-identity-provider/idp-spring/target/test-classes:/Users/putmanb/Dev/Git/Shib/java-identity-provider/idp-spring/target/classes:/Users/putmanb/Dev/Git/Shib/java-identity-provider/idp-profile-impl/target/idp-profile-impl-5.1.0-SNAPSHOT.jar:/Users/putmanb/Dev/Git/Shib/java-identity-provider/idp-profile-api/target/idp-profile-api-5.1.0-SNAPSHOT.jar:/Users/putmanb/Dev/Git/Shib/java-identity-provider/idp-authn-api/target/idp-authn-api-5.1.0-SNAPSHOT.jar:/Users/putmanb/Dev/Java/maven-repo/net/shibboleth/shib-security/9.1.0-SNAPSHOT/shib-security-9.1.0-SNAPSHOT.jar:/Users/putmanb/Dev/Java/maven-repo/net/shibboleth/shib-velocity/9.1.0-SNAPSHOT/shib-velocity-9.1.0-SNAPSHOT.jar:/Users/putmanb/Dev/Java/maven-repo/org/ldaptive/ldaptive/2.2.0/ldaptive-2.2.0.jar:/Users/putmanb/Dev/Java/maven-repo/io/netty/netty-handler/4.1.96.Final/netty-handler-4.1.96.Final.jar:/Users/putmanb/Dev/Java/maven-repo/io/netty/netty-common/4.1.96.Final/netty-common-4.1.96.Final.jar:/Users/putmanb/Dev/Java/maven-repo/io/netty/netty-resolver/4.1.96.Final/netty-resolver-4.1.96.Final.jar:/Users/putmanb/Dev/Java/maven-repo/io/netty/netty-buffer/4.1.96.Final/netty-buffer-4.1.96.Final.jar:/Users/putmanb/Dev/Java/maven-repo/io/netty/netty-transport/4.1.96.Final/netty-transport-4.1.96.Final.jar:/Users/putmanb/Dev/Java/maven-repo/io/netty/netty-transport-native-unix-common/4.1.96.Final/netty-transport-native-unix-common-4.1.96.Final.jar:/Users/putmanb/Dev/Java/maven-repo/io/netty/netty-codec/4.1.96.Final/netty-codec-4.1.96.Final.jar:/Users/putmanb/Dev/Java/maven-repo/io/netty/netty-transport-native-epoll/4.1.96.Final/netty-transport-native-epoll-4.1.96.Final-linux-x86_64.jar:/Users/putmanb/Dev/Java/maven-repo/io/netty/netty-transport-classes-epoll/4.1.96.Final/netty-transport-classes-epoll-4.1.96.Final.jar:/Users/putmanb/Dev/Java/maven-repo/io/netty/netty-transport-native-epoll/4.1.96.Final/netty-transport-native-epoll-4.1.96.Final-linux-aarch_64.jar:/Users/putmanb/Dev/Java/maven-repo/io/netty/netty-transport-native-kqueue/4.1.96.Final/netty-transport-native-kqueue-4.1.96.Final-osx-x86_64.jar:/Users/putmanb/Dev/Java/maven-repo/io/netty/netty-transport-classes-kqueue/4.1.96.Final/netty-transport-classes-kqueue-4.1.96.Final.jar:/Users/putmanb/Dev/Java/maven-repo/io/netty/netty-transport-native-kqueue/4.1.96.Final/netty-transport-native-kqueue-4.1.96.Final-osx-aarch_64.jar:/Users/putmanb/Dev/Java/maven-repo/org/apache/velocity/velocity-engine-core/2.3/velocity-engine-core-2.3.jar:/Users/putmanb/Dev/Java/maven-repo/io/dropwizard/metrics/metrics-core/4.2.19/metrics-core-4.2.19.jar:/Users/putmanb/Dev/Java/maven-repo/net/shibboleth/shib-profile-api/5.1.0-SNAPSHOT/shib-profile-api-5.1.0-SNAPSHOT.jar:/Users/putmanb/Dev/Java/maven-repo/net/shibboleth/shib-networking-spring/9.1.0-SNAPSHOT/shib-networking-spring-9.1.0-SNAPSHOT.jar:/Users/putmanb/Dev/Java/maven-repo/org/apache/commons/commons-lang3/3.13.0/commons-lang3-3.13.0.jar:/Users/putmanb/Dev/Java/maven-repo/org/apache/httpcomponents/core5/httpcore5/5.2.2/httpcore5-5.2.2.jar:/Users/putmanb/Dev/Java/maven-repo/net/shibboleth/shib-attribute-api/5.1.0-SNAPSHOT/shib-attribute-api-5.1.0-SNAPSHOT.jar:/Users/putmanb/Dev/Java/maven-repo/org/opensaml/opensaml-soap-api/5.1.0-SNAPSHOT/opensaml-soap-api-5.1.0-SNAPSHOT.jar:/Users/putmanb/Dev/Java/maven-repo/net/shibboleth/shib-attribute-resolver-api/5.1.0-SNAPSHOT/shib-attribute-resolver-api-5.1.0-SNAPSHOT.jar:/Users/putmanb/Dev/Java/maven-repo/net/shibboleth/shib-attribute-filter-api/5.1.0-SNAPSHOT/shib-attribute-filter-api-5.1.0-SNAPSHOT.jar:/Users/putmanb/Dev/Java/maven-repo/org/opensaml/opensaml-core-api/5.1.0-SNAPSHOT/opensaml-core-api-5.1.0-SNAPSHOT.jar:/Users/putmanb/Dev/Java/maven-repo/org/opensaml/opensaml-messaging-api/5.1.0-SNAPSHOT/opensaml-messaging-api-5.1.0-SNAPSHOT.jar:/Users/putmanb/Dev/Java/maven-repo/org/opensaml/opensaml-profile-api/5.1.0-SNAPSHOT/opensaml-profile-api-5.1.0-SNAPSHOT.jar:/Users/putmanb/Dev/Java/maven-repo/org/opensaml/opensaml-saml-api/5.1.0-SNAPSHOT/opensaml-saml-api-5.1.0-SNAPSHOT.jar:/Users/putmanb/Dev/Java/maven-repo/org/apache/santuario/xmlsec/3.0.3/xmlsec-3.0.3.jar:/Users/putmanb/Dev/Java/maven-repo/org/opensaml/opensaml-storage-api/5.1.0-SNAPSHOT/opensaml-storage-api-5.1.0-SNAPSHOT.jar:/Users/putmanb/Dev/Java/maven-repo/net/shibboleth/shib-networking/9.1.0-SNAPSHOT/shib-networking-9.1.0-SNAPSHOT.jar:/Users/putmanb/Dev/Java/maven-repo/org/apache/httpcomponents/client5/httpclient5-cache/5.2.1/httpclient5-cache-5.2.1.jar:/Users/putmanb/Dev/Java/maven-repo/net/shibboleth/shib-service/9.1.0-SNAPSHOT/shib-service-9.1.0-SNAPSHOT.jar:/Users/putmanb/Dev/Java/maven-repo/com/google/guava/guava/32.1.2-jre/guava-32.1.2-jre.jar:/Users/putmanb/Dev/Java/maven-repo/com/google/guava/failureaccess/1.0.1/failureaccess-1.0.1.jar:/Users/putmanb/Dev/Java/maven-repo/com/google/guava/listenablefuture/9999.0-empty-to-avoid-conflict-with-guava/listenablefuture-9999.0-empty-to-avoid-conflict-with-guava.jar:/Users/putmanb/Dev/Java/maven-repo/org/checkerframework/checker-qual/3.33.0/checker-qual-3.33.0.jar:/Users/putmanb/Dev/Java/maven-repo/com/google/errorprone/error_prone_annotations/2.18.0/error_prone_annotations-2.18.0.jar:/Users/putmanb/Dev/Java/maven-repo/com/google/j2objc/j2objc-annotations/2.8/j2objc-annotations-2.8.jar:/Users/putmanb/Dev/Java/maven-repo/org/opensaml/opensaml-spring/5.1.0-SNAPSHOT/opensaml-spring-5.1.0-SNAPSHOT.jar:/Users/putmanb/Dev/Java/maven-repo/org/opensaml/opensaml-security-api/5.1.0-SNAPSHOT/opensaml-security-api-5.1.0-SNAPSHOT.jar:/Users/putmanb/Dev/Java/maven-repo/org/bouncycastle/bcpkix-jdk18on/1.76/bcpkix-jdk18on-1.76.jar:/Users/putmanb/Dev/Java/maven-repo/org/bouncycastle/bcutil-jdk18on/1.76/bcutil-jdk18on-1.76.jar:/Users/putmanb/Dev/Java/maven-repo/org/opensaml/opensaml-security-impl/5.1.0-SNAPSHOT/opensaml-security-impl-5.1.0-SNAPSHOT.jar:/Users/putmanb/Dev/Java/maven-repo/org/opensaml/opensaml-xmlsec-api/5.1.0-SNAPSHOT/opensaml-xmlsec-api-5.1.0-SNAPSHOT.jar:/Users/putmanb/Dev/Java/maven-repo/org/opensaml/opensaml-xmlsec-impl/5.1.0-SNAPSHOT/opensaml-xmlsec-impl-5.1.0-SNAPSHOT.jar:/Users/putmanb/Dev/Java/maven-repo/org/opensaml/opensaml-core-impl/5.1.0-SNAPSHOT/opensaml-core-impl-5.1.0-SNAPSHOT.jar:/Users/putmanb/Dev/Java/maven-repo/io/dropwizard/metrics/metrics-json/4.2.19/metrics-json-4.2.19.jar:/Users/putmanb/Dev/Java/maven-repo/com/fasterxml/jackson/core/jackson-core/2.15.2/jackson-core-2.15.2.jar:/Users/putmanb/Dev/Java/maven-repo/com/fasterxml/jackson/core/jackson-databind/2.15.2/jackson-databind-2.15.2.jar:/Users/putmanb/Dev/Java/maven-repo/com/fasterxml/jackson/core/jackson-annotations/2.15.2/jackson-annotations-2.15.2.jar:/Users/putmanb/Dev/Java/maven-repo/com/fasterxml/jackson/datatype/jackson-datatype-jsr310/2.15.2/jackson-datatype-jsr310-2.15.2.jar:/Users/putmanb/Dev/Java/maven-repo/org/cryptacular/cryptacular/1.2.6/cryptacular-1.2.6.jar:/Users/putmanb/Dev/Java/maven-repo/org/bouncycastle/bcprov-jdk18on/1.76/bcprov-jdk18on-1.76.jar:/Users/putmanb/Dev/Java/maven-repo/commons-codec/commons-codec/1.16.0/commons-codec-1.16.0.jar:/Users/putmanb/Dev/Java/maven-repo/org/apache/httpcomponents/client5/httpclient5/5.2.1/httpclient5-5.2.1.jar:/Users/putmanb/Dev/Java/maven-repo/org/apache/httpcomponents/core5/httpcore5-h2/5.2/httpcore5-h2-5.2.jar:/Users/putmanb/Dev/Java/maven-repo/net/shibboleth/shib-spring/9.1.0-SNAPSHOT/shib-spring-9.1.0-SNAPSHOT.jar:/Users/putmanb/Dev/Java/maven-repo/org/springframework/spring-expression/6.1.1/spring-expression-6.1.1.jar:/Users/putmanb/Dev/Java/maven-repo/org/springframework/spring-jcl/6.1.1/spring-jcl-6.1.1.jar:/Users/putmanb/Dev/Java/maven-repo/org/springframework/spring-webmvc/6.1.1/spring-webmvc-6.1.1.jar:/Users/putmanb/Dev/Java/maven-repo/org/springframework/spring-beans/6.1.1/spring-beans-6.1.1.jar:/Users/putmanb/Dev/Java/maven-repo/org/springframework/spring-context/6.1.1/spring-context-6.1.1.jar:/Users/putmanb/Dev/Java/maven-repo/org/springframework/spring-aop/6.1.1/spring-aop-6.1.1.jar:/Users/putmanb/Dev/Java/maven-repo/io/micrometer/micrometer-observation/1.12.0/micrometer-observation-1.12.0.jar:/Users/putmanb/Dev/Java/maven-repo/io/micrometer/micrometer-commons/1.12.0/micrometer-commons-1.12.0.jar:/Users/putmanb/Dev/Java/maven-repo/org/springframework/spring-core/6.1.1/spring-core-6.1.1.jar:/Users/putmanb/Dev/Java/maven-repo/org/springframework/spring-web/6.1.1/spring-web-6.1.1.jar:/Users/putmanb/Dev/Java/maven-repo/org/springframework/webflow/spring-webflow/3.0.0/spring-webflow-3.0.0.jar:/Users/putmanb/Dev/Java/maven-repo/org/springframework/webflow/spring-binding/3.0.0/spring-binding-3.0.0.jar:/Users/putmanb/Dev/Java/maven-repo/jakarta/servlet/jakarta.servlet-api/6.0.0/jakarta.servlet-api-6.0.0.jar:/Users/putmanb/Dev/Java/maven-repo/org/openjdk/nashorn/nashorn-core/15.3/nashorn-core-15.3.jar:/Users/putmanb/Dev/Java/maven-repo/org/ow2/asm/asm/7.3.1/asm-7.3.1.jar:/Users/putmanb/Dev/Java/maven-repo/org/ow2/asm/asm-commons/7.3.1/asm-commons-7.3.1.jar:/Users/putmanb/Dev/Java/maven-repo/org/ow2/asm/asm-analysis/7.3.1/asm-analysis-7.3.1.jar:/Users/putmanb/Dev/Java/maven-repo/org/ow2/asm/asm-tree/7.3.1/asm-tree-7.3.1.jar:/Users/putmanb/Dev/Java/maven-repo/org/ow2/asm/asm-util/7.3.1/asm-util-7.3.1.jar:/Users/putmanb/Dev/Java/maven-repo/org/slf4j/slf4j-api/2.0.7/slf4j-api-2.0.7.jar:/Users/putmanb/Dev/Java/maven-repo/com/google/code/findbugs/jsr305/3.0.2/jsr305-3.0.2.jar:/Users/putmanb/Dev/Java/maven-repo/net/shibboleth/shib-support/9.1.0-SNAPSHOT/shib-support-9.1.0-SNAPSHOT.jar:/Users/putmanb/Dev/Java/maven-repo/org/testng/testng/7.7.1/testng-7.7.1.jar:/Users/putmanb/Dev/Java/maven-repo/com/beust/jcommander/1.81/jcommander-1.81.jar:/Users/putmanb/Dev/Java/maven-repo/org/webjars/jquery/3.6.1/jquery-3.6.1.jar:/Users/putmanb/Dev/Java/maven-repo/ch/qos/logback/logback-classic/1.4.13/logback-classic-1.4.13.jar:/Users/putmanb/Dev/Java/maven-repo/ch/qos/logback/logback-core/1.4.13/logback-core-1.4.13.jar:"/>
    <property name="java.vm.vendor" value="Oracle Corporation"/>
    <property name="sun.arch.data.model" value="64"/>
    <property name="java.vendor.url" value="https://java.oracle.com/"/>
    <property name="user.timezone" value="America/New_York"/>
    <property name="os.name" value="Mac OS X"/>
    <property name="java.vm.specification.version" value="17"/>
    <property name="sun.java.launcher" value="SUN_STANDARD"/>
    <property name="user.country" value="US"/>
    <property name="sun.boot.library.path" value="/Library/Java/JavaVirtualMachines/jdk-17.jdk/Contents/Home/lib"/>
    <property name="sun.java.command" value="/Users/putmanb/Dev/Git/Shib/java-identity-provider/idp-spring/target/surefire/surefirebooter-20231213214701556_599.jar /Users/putmanb/Dev/Git/Shib/java-identity-provider/idp-spring/target/surefire 2023-12-13T21-45-49_287-jvmRun1 surefire-20231213214701556_597tmp surefire_14-20231213214701556_598tmp"/>
    <property name="http.nonProxyHosts" value="local|*.local|169.254/16|*.169.254/16"/>
    <property name="jdk.debug" value="release"/>
    <property name="surefire.test.class.path" value="/Users/putmanb/Dev/Git/Shib/java-identity-provider/idp-spring/target/test-classes:/Users/putmanb/Dev/Git/Shib/java-identity-provider/idp-spring/target/classes:/Users/putmanb/Dev/Git/Shib/java-identity-provider/idp-profile-impl/target/idp-profile-impl-5.1.0-SNAPSHOT.jar:/Users/putmanb/Dev/Git/Shib/java-identity-provider/idp-profile-api/target/idp-profile-api-5.1.0-SNAPSHOT.jar:/Users/putmanb/Dev/Git/Shib/java-identity-provider/idp-authn-api/target/idp-authn-api-5.1.0-SNAPSHOT.jar:/Users/putmanb/Dev/Java/maven-repo/net/shibboleth/shib-security/9.1.0-SNAPSHOT/shib-security-9.1.0-SNAPSHOT.jar:/Users/putmanb/Dev/Java/maven-repo/net/shibboleth/shib-velocity/9.1.0-SNAPSHOT/shib-velocity-9.1.0-SNAPSHOT.jar:/Users/putmanb/Dev/Java/maven-repo/org/ldaptive/ldaptive/2.2.0/ldaptive-2.2.0.jar:/Users/putmanb/Dev/Java/maven-repo/io/netty/netty-handler/4.1.96.Final/netty-handler-4.1.96.Final.jar:/Users/putmanb/Dev/Java/maven-repo/io/netty/netty-common/4.1.96.Final/netty-common-4.1.96.Final.jar:/Users/putmanb/Dev/Java/maven-repo/io/netty/netty-resolver/4.1.96.Final/netty-resolver-4.1.96.Final.jar:/Users/putmanb/Dev/Java/maven-repo/io/netty/netty-buffer/4.1.96.Final/netty-buffer-4.1.96.Final.jar:/Users/putmanb/Dev/Java/maven-repo/io/netty/netty-transport/4.1.96.Final/netty-transport-4.1.96.Final.jar:/Users/putmanb/Dev/Java/maven-repo/io/netty/netty-transport-native-unix-common/4.1.96.Final/netty-transport-native-unix-common-4.1.96.Final.jar:/Users/putmanb/Dev/Java/maven-repo/io/netty/netty-codec/4.1.96.Final/netty-codec-4.1.96.Final.jar:/Users/putmanb/Dev/Java/maven-repo/io/netty/netty-transport-native-epoll/4.1.96.Final/netty-transport-native-epoll-4.1.96.Final-linux-x86_64.jar:/Users/putmanb/Dev/Java/maven-repo/io/netty/netty-transport-classes-epoll/4.1.96.Final/netty-transport-classes-epoll-4.1.96.Final.jar:/Users/putmanb/Dev/Java/maven-repo/io/netty/netty-transport-native-epoll/4.1.96.Final/netty-transport-native-epoll-4.1.96.Final-linux-aarch_64.jar:/Users/putmanb/Dev/Java/maven-repo/io/netty/netty-transport-native-kqueue/4.1.96.Final/netty-transport-native-kqueue-4.1.96.Final-osx-x86_64.jar:/Users/putmanb/Dev/Java/maven-repo/io/netty/netty-transport-classes-kqueue/4.1.96.Final/netty-transport-classes-kqueue-4.1.96.Final.jar:/Users/putmanb/Dev/Java/maven-repo/io/netty/netty-transport-native-kqueue/4.1.96.Final/netty-transport-native-kqueue-4.1.96.Final-osx-aarch_64.jar:/Users/putmanb/Dev/Java/maven-repo/org/apache/velocity/velocity-engine-core/2.3/velocity-engine-core-2.3.jar:/Users/putmanb/Dev/Java/maven-repo/io/dropwizard/metrics/metrics-core/4.2.19/metrics-core-4.2.19.jar:/Users/putmanb/Dev/Java/maven-repo/net/shibboleth/shib-profile-api/5.1.0-SNAPSHOT/shib-profile-api-5.1.0-SNAPSHOT.jar:/Users/putmanb/Dev/Java/maven-repo/net/shibboleth/shib-networking-spring/9.1.0-SNAPSHOT/shib-networking-spring-9.1.0-SNAPSHOT.jar:/Users/putmanb/Dev/Java/maven-repo/org/apache/commons/commons-lang3/3.13.0/commons-lang3-3.13.0.jar:/Users/putmanb/Dev/Java/maven-repo/org/apache/httpcomponents/core5/httpcore5/5.2.2/httpcore5-5.2.2.jar:/Users/putmanb/Dev/Java/maven-repo/net/shibboleth/shib-attribute-api/5.1.0-SNAPSHOT/shib-attribute-api-5.1.0-SNAPSHOT.jar:/Users/putmanb/Dev/Java/maven-repo/org/opensaml/opensaml-soap-api/5.1.0-SNAPSHOT/opensaml-soap-api-5.1.0-SNAPSHOT.jar:/Users/putmanb/Dev/Java/maven-repo/net/shibboleth/shib-attribute-resolver-api/5.1.0-SNAPSHOT/shib-attribute-resolver-api-5.1.0-SNAPSHOT.jar:/Users/putmanb/Dev/Java/maven-repo/net/shibboleth/shib-attribute-filter-api/5.1.0-SNAPSHOT/shib-attribute-filter-api-5.1.0-SNAPSHOT.jar:/Users/putmanb/Dev/Java/maven-repo/org/opensaml/opensaml-core-api/5.1.0-SNAPSHOT/opensaml-core-api-5.1.0-SNAPSHOT.jar:/Users/putmanb/Dev/Java/maven-repo/org/opensaml/opensaml-messaging-api/5.1.0-SNAPSHOT/opensaml-messaging-api-5.1.0-SNAPSHOT.jar:/Users/putmanb/Dev/Java/maven-repo/org/opensaml/opensaml-profile-api/5.1.0-SNAPSHOT/opensaml-profile-api-5.1.0-SNAPSHOT.jar:/Users/putmanb/Dev/Java/maven-repo/org/opensaml/opensaml-saml-api/5.1.0-SNAPSHOT/opensaml-saml-api-5.1.0-SNAPSHOT.jar:/Users/putmanb/Dev/Java/maven-repo/org/apache/santuario/xmlsec/3.0.3/xmlsec-3.0.3.jar:/Users/putmanb/Dev/Java/maven-repo/org/opensaml/opensaml-storage-api/5.1.0-SNAPSHOT/opensaml-storage-api-5.1.0-SNAPSHOT.jar:/Users/putmanb/Dev/Java/maven-repo/net/shibboleth/shib-networking/9.1.0-SNAPSHOT/shib-networking-9.1.0-SNAPSHOT.jar:/Users/putmanb/Dev/Java/maven-repo/org/apache/httpcomponents/client5/httpclient5-cache/5.2.1/httpclient5-cache-5.2.1.jar:/Users/putmanb/Dev/Java/maven-repo/net/shibboleth/shib-service/9.1.0-SNAPSHOT/shib-service-9.1.0-SNAPSHOT.jar:/Users/putmanb/Dev/Java/maven-repo/com/google/guava/guava/32.1.2-jre/guava-32.1.2-jre.jar:/Users/putmanb/Dev/Java/maven-repo/com/google/guava/failureaccess/1.0.1/failureaccess-1.0.1.jar:/Users/putmanb/Dev/Java/maven-repo/com/google/guava/listenablefuture/9999.0-empty-to-avoid-conflict-with-guava/listenablefuture-9999.0-empty-to-avoid-conflict-with-guava.jar:/Users/putmanb/Dev/Java/maven-repo/org/checkerframework/checker-qual/3.33.0/checker-qual-3.33.0.jar:/Users/putmanb/Dev/Java/maven-repo/com/google/errorprone/error_prone_annotations/2.18.0/error_prone_annotations-2.18.0.jar:/Users/putmanb/Dev/Java/maven-repo/com/google/j2objc/j2objc-annotations/2.8/j2objc-annotations-2.8.jar:/Users/putmanb/Dev/Java/maven-repo/org/opensaml/opensaml-spring/5.1.0-SNAPSHOT/opensaml-spring-5.1.0-SNAPSHOT.jar:/Users/putmanb/Dev/Java/maven-repo/org/opensaml/opensaml-security-api/5.1.0-SNAPSHOT/opensaml-security-api-5.1.0-SNAPSHOT.jar:/Users/putmanb/Dev/Java/maven-repo/org/bouncycastle/bcpkix-jdk18on/1.76/bcpkix-jdk18on-1.76.jar:/Users/putmanb/Dev/Java/maven-repo/org/bouncycastle/bcutil-jdk18on/1.76/bcutil-jdk18on-1.76.jar:/Users/putmanb/Dev/Java/maven-repo/org/opensaml/opensaml-security-impl/5.1.0-SNAPSHOT/opensaml-security-impl-5.1.0-SNAPSHOT.jar:/Users/putmanb/Dev/Java/maven-repo/org/opensaml/opensaml-xmlsec-api/5.1.0-SNAPSHOT/opensaml-xmlsec-api-5.1.0-SNAPSHOT.jar:/Users/putmanb/Dev/Java/maven-repo/org/opensaml/opensaml-xmlsec-impl/5.1.0-SNAPSHOT/opensaml-xmlsec-impl-5.1.0-SNAPSHOT.jar:/Users/putmanb/Dev/Java/maven-repo/org/opensaml/opensaml-core-impl/5.1.0-SNAPSHOT/opensaml-core-impl-5.1.0-SNAPSHOT.jar:/Users/putmanb/Dev/Java/maven-repo/io/dropwizard/metrics/metrics-json/4.2.19/metrics-json-4.2.19.jar:/Users/putmanb/Dev/Java/maven-repo/com/fasterxml/jackson/core/jackson-core/2.15.2/jackson-core-2.15.2.jar:/Users/putmanb/Dev/Java/maven-repo/com/fasterxml/jackson/core/jackson-databind/2.15.2/jackson-databind-2.15.2.jar:/Users/putmanb/Dev/Java/maven-repo/com/fasterxml/jackson/core/jackson-annotations/2.15.2/jackson-annotations-2.15.2.jar:/Users/putmanb/Dev/Java/maven-repo/com/fasterxml/jackson/datatype/jackson-datatype-jsr310/2.15.2/jackson-datatype-jsr310-2.15.2.jar:/Users/putmanb/Dev/Java/maven-repo/org/cryptacular/cryptacular/1.2.6/cryptacular-1.2.6.jar:/Users/putmanb/Dev/Java/maven-repo/org/bouncycastle/bcprov-jdk18on/1.76/bcprov-jdk18on-1.76.jar:/Users/putmanb/Dev/Java/maven-repo/commons-codec/commons-codec/1.16.0/commons-codec-1.16.0.jar:/Users/putmanb/Dev/Java/maven-repo/org/apache/httpcomponents/client5/httpclient5/5.2.1/httpclient5-5.2.1.jar:/Users/putmanb/Dev/Java/maven-repo/org/apache/httpcomponents/core5/httpcore5-h2/5.2/httpcore5-h2-5.2.jar:/Users/putmanb/Dev/Java/maven-repo/net/shibboleth/shib-spring/9.1.0-SNAPSHOT/shib-spring-9.1.0-SNAPSHOT.jar:/Users/putmanb/Dev/Java/maven-repo/org/springframework/spring-expression/6.1.1/spring-expression-6.1.1.jar:/Users/putmanb/Dev/Java/maven-repo/org/springframework/spring-jcl/6.1.1/spring-jcl-6.1.1.jar:/Users/putmanb/Dev/Java/maven-repo/org/springframework/spring-webmvc/6.1.1/spring-webmvc-6.1.1.jar:/Users/putmanb/Dev/Java/maven-repo/org/springframework/spring-beans/6.1.1/spring-beans-6.1.1.jar:/Users/putmanb/Dev/Java/maven-repo/org/springframework/spring-context/6.1.1/spring-context-6.1.1.jar:/Users/putmanb/Dev/Java/maven-repo/org/springframework/spring-aop/6.1.1/spring-aop-6.1.1.jar:/Users/putmanb/Dev/Java/maven-repo/io/micrometer/micrometer-observation/1.12.0/micrometer-observation-1.12.0.jar:/Users/putmanb/Dev/Java/maven-repo/io/micrometer/micrometer-commons/1.12.0/micrometer-commons-1.12.0.jar:/Users/putmanb/Dev/Java/maven-repo/org/springframework/spring-core/6.1.1/spring-core-6.1.1.jar:/Users/putmanb/Dev/Java/maven-repo/org/springframework/spring-web/6.1.1/spring-web-6.1.1.jar:/Users/putmanb/Dev/Java/maven-repo/org/springframework/webflow/spring-webflow/3.0.0/spring-webflow-3.0.0.jar:/Users/putmanb/Dev/Java/maven-repo/org/springframework/webflow/spring-binding/3.0.0/spring-binding-3.0.0.jar:/Users/putmanb/Dev/Java/maven-repo/jakarta/servlet/jakarta.servlet-api/6.0.0/jakarta.servlet-api-6.0.0.jar:/Users/putmanb/Dev/Java/maven-repo/org/openjdk/nashorn/nashorn-core/15.3/nashorn-core-15.3.jar:/Users/putmanb/Dev/Java/maven-repo/org/ow2/asm/asm/7.3.1/asm-7.3.1.jar:/Users/putmanb/Dev/Java/maven-repo/org/ow2/asm/asm-commons/7.3.1/asm-commons-7.3.1.jar:/Users/putmanb/Dev/Java/maven-repo/org/ow2/asm/asm-analysis/7.3.1/asm-analysis-7.3.1.jar:/Users/putmanb/Dev/Java/maven-repo/org/ow2/asm/asm-tree/7.3.1/asm-tree-7.3.1.jar:/Users/putmanb/Dev/Java/maven-repo/org/ow2/asm/asm-util/7.3.1/asm-util-7.3.1.jar:/Users/putmanb/Dev/Java/maven-repo/org/slf4j/slf4j-api/2.0.7/slf4j-api-2.0.7.jar:/Users/putmanb/Dev/Java/maven-repo/com/google/code/findbugs/jsr305/3.0.2/jsr305-3.0.2.jar:/Users/putmanb/Dev/Java/maven-repo/net/shibboleth/shib-support/9.1.0-SNAPSHOT/shib-support-9.1.0-SNAPSHOT.jar:/Users/putmanb/Dev/Java/maven-repo/org/testng/testng/7.7.1/testng-7.7.1.jar:/Users/putmanb/Dev/Java/maven-repo/com/beust/jcommander/1.81/jcommander-1.81.jar:/Users/putmanb/Dev/Java/maven-repo/org/webjars/jquery/3.6.1/jquery-3.6.1.jar:/Users/putmanb/Dev/Java/maven-repo/ch/qos/logback/logback-classic/1.4.13/logback-classic-1.4.13.jar:/Users/putmanb/Dev/Java/maven-repo/ch/qos/logback/logback-core/1.4.13/logback-core-1.4.13.jar:"/>
    <property name="sun.cpu.endian" value="little"/>
    <property name="user.home" value="/Users/putmanb"/>
    <property name="user.language" value="en"/>
    <property name="java.specification.vendor" value="Oracle Corporation"/>
    <property name="java.version.date" value="2023-07-18"/>
    <property name="java.home" value="/Library/Java/JavaVirtualMachines/jdk-17.jdk/Contents/Home"/>
    <property name="file.separator" value="/"/>
    <property name="basedir" value="/Users/putmanb/Dev/Git/Shib/java-identity-provider/idp-spring"/>
    <property name="java.vm.compressedOopsMode" value="Zero based"/>
    <property name="line.separator" value="&#10;"/>
    <property name="java.vm.specification.vendor" value="Oracle Corporation"/>
    <property name="java.specification.name" value="Java Platform API Specification"/>
    <property name="surefire.real.class.path" value="/Users/putmanb/Dev/Git/Shib/java-identity-provider/idp-spring/target/surefire/surefirebooter-20231213214701556_599.jar"/>
    <property name="sun.management.compiler" value="HotSpot 64-Bit Tiered Compilers"/>
    <property name="ftp.nonProxyHosts" value="local|*.local|169.254/16|*.169.254/16"/>
    <property name="java.runtime.version" value="17.0.8+9-LTS-211"/>
    <property name="user.name" value="putmanb"/>
    <property name="path.separator" value=":"/>
    <property name="os.version" value="11.7.6"/>
    <property name="java.runtime.name" value="Java(TM) SE Runtime Environment"/>
    <property name="file.encoding" value="UTF-8"/>
    <property name="java.vm.name" value="Java HotSpot(TM) 64-Bit Server VM"/>
    <property name="localRepository" value="/Users/putmanb/Dev/Java/maven-repo"/>
    <property name="java.vendor.url.bug" value="https://bugreport.java.com/bugreport/"/>
    <property name="java.io.tmpdir" value="/var/folders/3b/6pjvjt_j3ws2rtq52q2rc_7r0000gn/T/"/>
    <property name="java.version" value="17.0.8"/>
    <property name="user.dir" value="/Users/putmanb/Dev/Git/Shib/java-identity-provider/idp-spring"/>
    <property name="os.arch" value="x86_64"/>
    <property name="no-check-m2" value="true"/>
    <property name="java.vm.specification.name" value="Java Virtual Machine Specification"/>
    <property name="native.encoding" value="UTF-8"/>
    <property name="java.library.path" value="/Users/putmanb/Library/Java/Extensions:/Library/Java/Extensions:/Network/Library/Java/Extensions:/System/Library/Java/Extensions:/usr/lib/java:."/>
    <property name="java.vm.info" value="mixed mode, sharing"/>
    <property name="java.vendor" value="Oracle Corporation"/>
    <property name="java.vm.version" value="17.0.8+9-LTS-211"/>
    <property name="sun.io.unicode.encoding" value="UnicodeBig"/>
    <property name="socksNonProxyHosts" value="local|*.local|169.254/16|*.169.254/16"/>
    <property name="java.class.version" value="61.0"/>
  </properties>
  <testcase name="testClasspathWildcard_GetResourceByPath_IDP1833" classname="net.shibboleth.idp.profile.spring.factory.FlowRelativeResourceLoaderTest" time="0.011">
    <system-out><![CDATA[21:47:01,796 |-INFO in ch.qos.logback.classic.LoggerContext[default] - This is logback-classic version 1.4.13
21:47:01,798 |-INFO in ch.qos.logback.classic.util.ContextInitializer@393671df - No custom configurators were discovered as a service.
21:47:01,798 |-INFO in ch.qos.logback.classic.util.ContextInitializer@393671df - Trying to configure with ch.qos.logback.classic.joran.SerializedModelConfigurator
21:47:01,800 |-INFO in ch.qos.logback.classic.util.ContextInitializer@393671df - Constructed configurator of type class ch.qos.logback.classic.joran.SerializedModelConfigurator
21:47:01,810 |-INFO in ch.qos.logback.classic.LoggerContext[default] - Could NOT find resource [logback-test.scmo]
21:47:01,811 |-INFO in ch.qos.logback.classic.LoggerContext[default] - Could NOT find resource [logback.scmo]
21:47:01,825 |-INFO in ch.qos.logback.classic.util.ContextInitializer@393671df - ch.qos.logback.classic.joran.SerializedModelConfigurator.configure() call lasted 11 milliseconds. ExecutionStatus=INVOKE_NEXT_IF_ANY
21:47:01,825 |-INFO in ch.qos.logback.classic.util.ContextInitializer@393671df - Trying to configure with ch.qos.logback.classic.util.DefaultJoranConfigurator
21:47:01,825 |-INFO in ch.qos.logback.classic.util.ContextInitializer@393671df - Constructed configurator of type class ch.qos.logback.classic.util.DefaultJoranConfigurator
21:47:01,832 |-INFO in ch.qos.logback.classic.LoggerContext[default] - Found resource [logback-test.xml] at [file:/Users/putmanb/Dev/Git/Shib/java-identity-provider/idp-spring/target/test-classes/logback-test.xml]
21:47:01,900 |-WARN in ch.qos.logback.classic.joran.action.LevelAction - <level> element is deprecated. Near [level] on line 17
21:47:01,900 |-WARN in ch.qos.logback.classic.joran.action.LevelAction - Please use "level" attribute within <logger> or <root> elements instead.
21:47:01,941 |-INFO in ch.qos.logback.classic.model.processor.LoggerModelHandler - Setting level of logger [net.shibboleth.shared.spring.resource] to DEBUG
21:47:01,941 |-INFO in ch.qos.logback.classic.model.processor.LoggerModelHandler - Setting level of logger [net.shibboleth.idp.profile.spring] to DEBUG
21:47:01,941 |-INFO in ch.qos.logback.core.model.processor.AppenderModelHandler - Processing appender named [STDOUT]
21:47:01,941 |-INFO in ch.qos.logback.core.model.processor.AppenderModelHandler - About to instantiate appender of type [ch.qos.logback.core.ConsoleAppender]
21:47:01,960 |-INFO in ch.qos.logback.classic.model.processor.LevelModelHandler - ROOT level set to INFO
21:47:01,961 |-INFO in ch.qos.logback.core.model.processor.AppenderRefModelHandler - Attaching appender named [STDOUT] to Logger[ROOT]
21:47:01,961 |-INFO in ch.qos.logback.core.model.processor.DefaultProcessor@56620197 - End of configuration.
21:47:01,961 |-INFO in ch.qos.logback.classic.joran.JoranConfigurator@6eda5c9 - Registering current configuration as safe fallback point
21:47:01,961 |-INFO in ch.qos.logback.classic.util.ContextInitializer@393671df - ch.qos.logback.classic.util.DefaultJoranConfigurator.configure() call lasted 136 milliseconds. ExecutionStatus=DO_NOT_INVOKE_NEXT_IF_ANY

]]></system-out>
  </testcase>
  <testcase name="testClasspathWildcard_GetResource_IDP1833" classname="net.shibboleth.idp.profile.spring.factory.FlowRelativeResourceLoaderTest" time="0.002"/>
</testsuite>